0 info it worked if it ends with ok
1 verbose cli [
1 verbose cli   'C:\\Program Files\\nodejs\\node.exe',
1 verbose cli   'C:\\Users\\Lucas\\node_modules\\npm\\bin\\npm-cli.js',
1 verbose cli   'run',
1 verbose cli   'smui-theme-light'
1 verbose cli ]
2 info using npm@3.9.2
3 info using node@v17.3.0
4 verbose run-script [ 'presmui-theme-light', 'smui-theme-light', 'postsmui-theme-light' ]
5 info lifecycle beautidocs@0.0.1~presmui-theme-light: beautidocs@0.0.1
6 silly lifecycle beautidocs@0.0.1~presmui-theme-light: no script for presmui-theme-light, continuing
7 info lifecycle beautidocs@0.0.1~smui-theme-light: beautidocs@0.0.1
8 verbose lifecycle beautidocs@0.0.1~smui-theme-light: unsafe-perm in lifecycle true
9 verbose lifecycle beautidocs@0.0.1~smui-theme-light: PATH: C:\Users\Lucas\node_modules\npm\bin\node-gyp-bin;C:\Users\Lucas\Documents\thing\beautidocs-main\beautidocs-main\node_modules\.bin;C:\Program Files\nodejs;C:\Program Files\Git\mingw64\bin;C:\Program Files\Git\usr\bin;C:\Users\Lucas\bin;C:\Users\Lucas\Documents\thing\beautidocs-main\beautidocs-main\node_modules\.bin;C:\Users\Lucas\Documents\thing\beautidocs-main\node_modules\.bin;C:\Users\Lucas\Documents\thing\node_modules\.bin;C:\Users\Lucas\Documents\node_modules\.bin;C:\Users\Lucas\node_modules\.bin;C:\Users\node_modules\.bin;C:\node_modules\.bin;C:\Users\Lucas\AppData\Roaming\npm\node_modules\npm\node_modules\@npmcli\run-script\lib\node-gyp-bin;C:\Users\Lucas\AppData\Local\oh-my-posh;C:\Program Files\WindowsApps\Microsoft.PowerShell_7.2.4.0_x64__8wekyb3d8bbwe;C:\Program Files (x86)\VMware\VMware Player\bin;C:\Program Files (x86)\Razer Chroma SDK\bin;C:\Program Files\Razer Chroma SDK\bin;C:\Program Files (x86)\Razer\ChromaBroadcast\bin;C:\Program Files\Razer\ChromaBroadcast\bin;C:\Program Files (x86)\Common Files\Oracle\Java\javapath;C:\WINDOWS\system32;C:\WINDOWS;C:\WINDOWS\System32\Wbem;C:\WINDOWS\System32\WindowsPowerShell\v1.0;C:\WINDOWS\System32\OpenSSH;C:\Program Files\Microsoft SQL Server\150\Tools\Binn;C:\Program Files\Microsoft SQL Server\Client SDK\ODBC\170\Tools\Binn;C:\Program Files\dotnet;C:\Program Files (x86)\Windows Kits\10\Windows Performance Toolkit;C:\Program Files\nodejs;C:\ProgramData\chocolatey\bin;C:\Program Files\PuTTY;C:\Program Files\qemu;C:\Program Files (x86)\Tailscale IPN;C:\Program Files\CMake\bin;C:\WINDOWS\system32\config\systemprofile\AppData\Local\Microsoft\WindowsApps;C:\Program Files (x86)\Tailscale IPN;C:\Users\Lucas\scoop\shims;C:\Users\Lucas\AppData\Roaming\runpkg\runpkg;C:\Users\Lucas\AppData\Local\Programs\Microsoft VS Code\bin;C:\Users\Lucas\Documents\lucasbrowser\depot_tools;C:\Users\Lucas\AppData\Local\GitHubDesktop\bin;C:\Users\Lucas\AppData\Local\Programs\Python\Python310;C:\Users\Lucas\AppData\Local\Programs\Python\Python310\Scripts;C:\Users\Lucas\spicetify-cli;C:\tools\neovim\Neovim\bin;C:\Users\Lucas\AppData\Local\Programs\Hyper\resources\bin;C:\Program Files\Git\usr\bin;C:\MinGW\bin
10 verbose lifecycle beautidocs@0.0.1~smui-theme-light: CWD: C:\Users\Lucas\Documents\thing\beautidocs-main\beautidocs-main
11 silly lifecycle beautidocs@0.0.1~smui-theme-light: Args: [ '/d /s /c', 'smui-theme compile static/smui.css -i src/theme' ]
12 silly lifecycle beautidocs@0.0.1~smui-theme-light: Returned: code: 1  signal: null
13 info lifecycle beautidocs@0.0.1~smui-theme-light: Failed to exec smui-theme-light script
14 verbose stack Error: beautidocs@0.0.1 smui-theme-light: `smui-theme compile static/smui.css -i src/theme`
14 verbose stack Exit status 1
14 verbose stack     at EventEmitter.<anonymous> (C:\Users\Lucas\node_modules\npm\lib\utils\lifecycle.js:245:16)
14 verbose stack     at EventEmitter.emit (node:events:390:28)
14 verbose stack     at ChildProcess.<anonymous> (C:\Users\Lucas\node_modules\npm\lib\utils\spawn.js:24:14)
14 verbose stack     at ChildProcess.emit (node:events:390:28)
14 verbose stack     at maybeClose (node:internal/child_process:1062:16)
14 verbose stack     at Process.ChildProcess._handle.onexit (node:internal/child_process:301:5)
15 verbose pkgid beautidocs@0.0.1
16 verbose cwd C:\Users\Lucas\Documents\thing\beautidocs-main\beautidocs-main
17 error Windows_NT 10.0.19044
18 error argv "C:\\Program Files\\nodejs\\node.exe" "C:\\Users\\Lucas\\node_modules\\npm\\bin\\npm-cli.js" "run" "smui-theme-light"
19 error node v17.3.0
20 error npm  v3.9.2
21 error code ELIFECYCLE
22 error beautidocs@0.0.1 smui-theme-light: `smui-theme compile static/smui.css -i src/theme`
22 error Exit status 1
23 error Failed at the beautidocs@0.0.1 smui-theme-light script 'smui-theme compile static/smui.css -i src/theme'.
23 error Make sure you have the latest version of node.js and npm installed.
23 error If you do, this is most likely a problem with the beautidocs package,
23 error not with npm itself.
23 error Tell the author that this fails on your system:
23 error     smui-theme compile static/smui.css -i src/theme
23 error You can get information on how to open an issue for this project with:
23 error     npm bugs beautidocs
23 error Or if that isn't available, you can get their info via:
23 error     npm owner ls beautidocs
23 error There is likely additional logging output above.
24 verbose exit [ 1, true ]
